<?xml version="1.0" encoding="UTF-8"?>
<testsuite xmlns:xsi="http://www.w3.org/2001/XMLSchema-instance" xsi:noNamespaceSchemaLocation="https://maven.apache.org/surefire/maven-surefire-plugin/xsd/surefire-test-report.xsd" version="3.0.1" name="org.csagroup.tests.CreateAccountTest" time="111.212" tests="1" errors="0" skipped="0" failures="0">
  <properties>
[...]
</properties>
  <testcase name="createAccountTest" classname="org.csagroup.tests.CreateAccountTest" time="75.095">
    <system-out><![CDATA[Accept All Cookies Alert is Displayed and Clicked
Enter the security code: 78$%ghfg9)gh
Click on the security code submit button
Click on the Login/Register button is  clicked
Click on Create Account Button
Enter First Name: test04020958
Enter Last Name: QA
Select Country: Canada
Select Country: Ontario
Select Industry: Educational services
Enter Email Id: csaqatest+04020958@gmail.com
Enter New Password: testing11
Enter Confirm Password: testing11
Click on Terms and Conditions Checkbox
Click on Privacy Checkbox
Click on CSA Group Checkbox
Click on Submit Button
verifyUserCreated: Checking for user name: test04020958
]]></system-out>
    <system-err><![CDATA[SLF4J: Failed to load class "org.slf4j.impl.StaticLoggerBinder".
SLF4J: Defaulting to no-operation (NOP) logger implementation
SLF4J: See http://www.slf4j.org/codes.html#StaticLoggerBinder for further details.
Apr 02, 2026 9:57:11 AM org.openqa.selenium.devtools.CdpVersionFinder findNearestMatch
WARNING: Unable to find an exact match for CDP version 146, returning the closest version; found: 144; Please update to a Selenium version that supports CDP version 146
ERROR StatusLogger No Log4j 2 configuration file found. Using default configuration (logging only errors to the console), or user programmatically provided configurations. Set system property 'log4j2.debug' to show Log4j 2 internal initialization logging. See https://logging.apache.org/log4j/2.x/manual/configuration.html for instructions on how to configure Log4j 2
]]></system-err>
  </testcase>
</testsuite>