<?xml version="1.0" encoding="UTF-8"?>
<testng-results ignored="0" total="1" passed="1" failed="0" skipped="0">
  <reporter-output>
  </reporter-output>
  <suite started-at="2026-04-13T22:11:12 IST" name="Surefire suite" finished-at="2026-04-13T22:15:07 IST" duration-ms="234607">
    <groups>
    </groups>
    <test started-at="2026-04-13T22:11:12 IST" name="Surefire test" finished-at="2026-04-13T22:15:07 IST" duration-ms="234607">
      <class name="org.csagroup.tests.SubscriptionCheckOutTest">
        <test-method is-config="true" signature="setup()[pri:0, instance:org.csagroup.tests.SubscriptionCheckOutTest@6e6f2380]" started-at="2026-04-13T22:11:12 IST" name="setup" finished-at="2026-04-13T22:11:36 IST" duration-ms="23959" status="PASS">
          <reporter-output>
          </reporter-output>
        </test-method> <!-- setup -->
        <test-method signature="verifyScriptionCheckout()[pri:0, instance:org.csagroup.tests.SubscriptionCheckOutTest@6e6f2380]" started-at="2026-04-13T22:11:36 IST" name="verifyScriptionCheckout" finished-at="2026-04-13T22:15:06 IST" duration-ms="210077" status="PASS">
          <reporter-output>
          </reporter-output>
        </test-method> <!-- verifyScriptionCheckout -->
        <test-method is-config="true" signature="tearDown()[pri:0, instance:org.csagroup.tests.SubscriptionCheckOutTest@6e6f2380]" started-at="2026-04-13T22:15:06 IST" name="tearDown" finished-at="2026-04-13T22:15:07 IST" duration-ms="368" status="PASS">
          <reporter-output>
          </reporter-output>
        </test-method> <!-- tearDown -->
      </class> <!-- org.csagroup.tests.SubscriptionCheckOutTest -->
    </test> <!-- Surefire test -->
  </suite> <!-- Surefire suite -->
</testng-results>
