<?xml version="1.0" encoding="UTF-8"?>
<testng-results ignored="0" total="1" passed="1" failed="0" skipped="0">
  <reporter-output>
  </reporter-output>
  <suite started-at="2026-04-23T09:43:13 IST" name="Default suite" finished-at="2026-04-23T09:46:39 IST" duration-ms="205455">
    <groups>
    </groups>
    <test started-at="2026-04-23T09:43:13 IST" name="Default test" finished-at="2026-04-23T09:46:39 IST" duration-ms="205455">
      <class name="org.csagroup.tests.AddToCart_CheckOutTest">
        <test-method is-config="true" signature="setup()[pri:0, instance:org.csagroup.tests.AddToCart_CheckOutTest@5db6b9cd]" started-at="2026-04-23T09:43:14 IST" name="setup" finished-at="2026-04-23T09:43:24 IST" duration-ms="10663" status="PASS">
          <reporter-output>
          </reporter-output>
        </test-method> <!-- setup -->
        <test-method signature="addToCartAndCheckOut()[pri:0, instance:org.csagroup.tests.AddToCart_CheckOutTest@5db6b9cd]" started-at="2026-04-23T09:43:24 IST" name="addToCartAndCheckOut" finished-at="2026-04-23T09:46:38 IST" duration-ms="193998" status="PASS">
          <reporter-output>
          </reporter-output>
        </test-method> <!-- addToCartAndCheckOut -->
        <test-method is-config="true" signature="tearDown()[pri:0, instance:org.csagroup.tests.AddToCart_CheckOutTest@5db6b9cd]" started-at="2026-04-23T09:46:38 IST" name="tearDown" finished-at="2026-04-23T09:46:39 IST" duration-ms="588" status="PASS">
          <reporter-output>
          </reporter-output>
        </test-method> <!-- tearDown -->
      </class> <!-- org.csagroup.tests.AddToCart_CheckOutTest -->
    </test> <!-- Default test -->
  </suite> <!-- Default suite -->
</testng-results>
