<?xml version="1.0" encoding="UTF-8"?>
<testng-results ignored="0" total="1" passed="1" failed="0" skipped="0">
  <reporter-output>
  </reporter-output>
  <suite started-at="2026-04-03T12:04:24 IST" name="Default suite" finished-at="2026-04-03T12:06:19 IST" duration-ms="114716">
    <groups>
    </groups>
    <test started-at="2026-04-03T12:04:24 IST" name="Default test" finished-at="2026-04-03T12:06:19 IST" duration-ms="114716">
      <class name="org.csagroup.tests.OnDemandTest">
        <test-method is-config="true" signature="setup()[pri:0, instance:org.csagroup.tests.OnDemandTest@38afe297]" started-at="2026-04-03T12:04:24 IST" name="setup" finished-at="2026-04-03T12:04:39 IST" duration-ms="15201" status="PASS">
          <reporter-output>
          </reporter-output>
        </test-method> <!-- setup -->
        <test-method signature="verifyCSAOnDemandPage()[pri:0, instance:org.csagroup.tests.OnDemandTest@38afe297]" started-at="2026-04-03T12:04:39 IST" name="verifyCSAOnDemandPage" finished-at="2026-04-03T12:06:18 IST" duration-ms="98917" status="PASS">
          <reporter-output>
          </reporter-output>
        </test-method> <!-- verifyCSAOnDemandPage -->
        <test-method is-config="true" signature="tearDown()[pri:0, instance:org.csagroup.tests.OnDemandTest@38afe297]" started-at="2026-04-03T12:06:18 IST" name="tearDown" finished-at="2026-04-03T12:06:19 IST" duration-ms="525" status="PASS">
          <reporter-output>
          </reporter-output>
        </test-method> <!-- tearDown -->
      </class> <!-- org.csagroup.tests.OnDemandTest -->
    </test> <!-- Default test -->
  </suite> <!-- Default suite -->
</testng-results>
